c:\users\tsukasa\desktop\開発ソース\development\source\registermovietitle\registermovietitle\debug\vc120.pdb
c:\users\tsukasa\desktop\開発ソース\development\source\registermovietitle\registermovietitle\debug\vc120.idb
c:\users\tsukasa\desktop\開発ソース\development\source\registermovietitle\registermovietitle\debug\module.obj
c:\users\tsukasa\desktop\開発ソース\development\source\registermovietitle\registermovietitle\debug\startwindow.obj
c:\users\tsukasa\desktop\開発ソース\development\source\registermovietitle\registermovietitle\debug\nextwindow.obj
c:\users\tsukasa\desktop\開発ソース\development\source\registermovietitle\registermovietitle\debug\vc141.pdb
c:\users\tsukasa\desktop\開発ソース\development\source\registermovietitle\registermovietitle\debug\vc141.idb
c:\users\tsukasa\desktop\開発ソース\development\source\registermovietitle\debug\registermovietitle.exe
c:\users\tsukasa\desktop\開発ソース\development\source\registermovietitle\debug\registermovietitle.ilk
c:\users\tsukasa\desktop\開発ソース\development\source\registermovietitle\debug\registermovietitle.pdb
c:\users\tsukasa\desktop\開発ソース\development\source\registermovietitle\registermovietitle\debug\xml.obj
c:\users\tsukasa\desktop\開発ソース\development\source\registermovietitle\registermovietitle\debug\msxml6.tli
c:\users\tsukasa\desktop\開発ソース\development\source\registermovietitle\registermovietitle\debug\msxml6.tlh
c:\users\tsukasa\desktop\開発ソース\development\source\registermovietitle\registermovietitle\debug\register.c8b33846.tlog\cl.command.1.tlog
c:\users\tsukasa\desktop\開発ソース\development\source\registermovietitle\registermovietitle\debug\register.c8b33846.tlog\cl.read.1.tlog
c:\users\tsukasa\desktop\開発ソース\development\source\registermovietitle\registermovietitle\debug\register.c8b33846.tlog\cl.write.1.tlog
c:\users\tsukasa\desktop\開発ソース\development\source\registermovietitle\registermovietitle\debug\register.c8b33846.tlog\link.command.1.tlog
c:\users\tsukasa\desktop\開発ソース\development\source\registermovietitle\registermovietitle\debug\register.c8b33846.tlog\link.delete.1.tlog
c:\users\tsukasa\desktop\開発ソース\development\source\registermovietitle\registermovietitle\debug\register.c8b33846.tlog\link.read.1.tlog
c:\users\tsukasa\desktop\開発ソース\development\source\registermovietitle\registermovietitle\debug\register.c8b33846.tlog\link.write.1.tlog
